
Showing logs for build [32mcb-kubecd-bdd-spring-1573819712-lvs65-1[0m stage [32mfrom-build-pack[0m and container [32mstep-credential-initializer-clvcg[0m
{"level":"warn","ts":1573820624.7540727,"logger":"fallback-logger","caller":"logging/config.go:69","msg":"Fetch GitHub commit ID from kodata failed: \"ref: refs/heads/master\" is not a valid GitHub commit ID"}
{"level":"info","ts":1573820624.7545595,"logger":"fallback-logger","caller":"creds-init/main.go:40","msg":"Credentials initialized."}

Showing logs for build [32mcb-kubecd-bdd-spring-1573819712-lvs65-1[0m stage [32mfrom-build-pack[0m and container [32mstep-working-dir-initializer-5kc96[0m
{"level":"warn","ts":1573820626.4461703,"logger":"fallback-logger","caller":"logging/config.go:69","msg":"Fetch GitHub commit ID from kodata failed: open /var/run/ko/HEAD: no such file or directory"}
{"level":"info","ts":1573820626.4503703,"logger":"fallback-logger","caller":"bash/main.go:65","msg":"Successfully executed command \"mkdir -p /workspace/source\""}

Showing logs for build [32mcb-kubecd-bdd-spring-1573819712-lvs65-1[0m stage [32mfrom-build-pack[0m and container [32mstep-place-tools[0m

Showing logs for build [32mcb-kubecd-bdd-spring-1573819712-lvs65-1[0m stage [32mfrom-build-pack[0m and container [32mstep-git-source-cb-kubecd-bdd-spring-1573819712-v4w5c[0m
{"level":"warn","ts":1573820719.5037868,"logger":"fallback-logger","caller":"logging/config.go:69","msg":"Fetch GitHub commit ID from kodata failed: \"ref: refs/heads/master\" is not a valid GitHub commit ID"}
{"level":"info","ts":1573820720.7843475,"logger":"fallback-logger","caller":"git/git.go:102","msg":"Successfully cloned https://github.com/cb-kubecd/bdd-spring-1573819712.git @ master in path /workspace/source"}

Showing logs for build [32mcb-kubecd-bdd-spring-1573819712-lvs65-1[0m stage [32mfrom-build-pack[0m and container [32mstep-git-merge[0m
Using SHAs from PULL_REFS=master:e08cc7dab3b6b78c49d7655b62c26656fccd6585,1:3b112ea5442829f9f2026841b54be513c1da041c
DEBUG: ran git fetch --unshallow origin 3b112ea5442829f9f2026841b54be513c1da041c: e08cc7dab3b6b78c49d7655b62c26656fccd6585: in 
DEBUG: ran git checkout master in 
DEBUG: ran git reset --hard e08cc7dab3b6b78c49d7655b62c26656fccd6585 in 
DEBUG: ran clean --force -d . in 
DEBUG: ran git merge 3b112ea5442829f9f2026841b54be513c1da041c in 
Merged SHA 3b112ea5442829f9f2026841b54be513c1da041c with commit message 'My first PR commit' into base branch master

Showing logs for build [32mcb-kubecd-bdd-spring-1573819712-lvs65-1[0m stage [32mfrom-build-pack[0m and container [32mstep-build-set-version[0m
Picked up _JAVA_OPTIONS: -XX:+UnlockExperimentalVMOptions -XX:+UseCGroupMemoryLimitForHeap -Dsun.zip.disableMemoryMapping=true -XX:+UseParallelGC -XX:MinHeapFreeRatio=5 -XX:MaxHeapFreeRatio=10 -XX:GCTimeRatio=4 -XX:AdaptiveSizePolicyWeight=90 -Xms10m -Xmx192m
OpenJDK 64-Bit Server VM warning: If the number of processors is expected to increase from one, then you should configure the number of parallel GC threads appropriately using -XX:ParallelGCThreads=N
[INFO] Scanning for projects...
[INFO] 
[INFO] -----------------< com.example:bdd-spring-1573819712 >------------------
[INFO] Building demo 0.0.1-SNAPSHOT
[INFO] --------------------------------[ jar ]---------------------------------
[INFO] 
[INFO] --- versions-maven-plugin:2.7:set (default-cli) @ bdd-spring-1573819712 ---
[INFO] Searching for local aggregator root...
[INFO] Local aggregation root: /workspace/source
[INFO] Processing change of com.example:bdd-spring-1573819712:0.0.1-SNAPSHOT -> 0.0.0-SNAPSHOT-PR-1-1
[INFO] Processing com.example:bdd-spring-1573819712
[INFO]     Updating project com.example:bdd-spring-1573819712
[INFO]         from version 0.0.1-SNAPSHOT to 0.0.0-SNAPSHOT-PR-1-1
[INFO] 
[INFO] ------------------------------------------------------------------------
[INFO] BUILD SUCCESS
[INFO] ------------------------------------------------------------------------
[INFO] Total time:  24.583 s
[INFO] Finished at: 2019-11-15T12:25:51Z
[INFO] ------------------------------------------------------------------------

Showing logs for build [32mcb-kubecd-bdd-spring-1573819712-lvs65-1[0m stage [32mfrom-build-pack[0m and container [32mstep-build-mvn-install[0m
Picked up _JAVA_OPTIONS: -XX:+UnlockExperimentalVMOptions -XX:+UseCGroupMemoryLimitForHeap -Dsun.zip.disableMemoryMapping=true -XX:+UseParallelGC -XX:MinHeapFreeRatio=5 -XX:MaxHeapFreeRatio=10 -XX:GCTimeRatio=4 -XX:AdaptiveSizePolicyWeight=90 -Xms10m -Xmx192m
OpenJDK 64-Bit Server VM warning: If the number of processors is expected to increase from one, then you should configure the number of parallel GC threads appropriately using -XX:ParallelGCThreads=N
[INFO] Scanning for projects...
[INFO] 
[INFO] -----------------< com.example:bdd-spring-1573819712 >------------------
[INFO] Building demo 0.0.0-SNAPSHOT-PR-1-1
[INFO] --------------------------------[ jar ]---------------------------------
[INFO] 
[INFO] --- maven-resources-plugin:3.1.0:resources (default-resources) @ bdd-spring-1573819712 ---
[INFO] Using 'UTF-8' encoding to copy filtered resources.
[INFO] Copying 1 resource
[INFO] Copying 0 resource
[INFO] 
[INFO] --- maven-compiler-plugin:3.8.1:compile (default-compile) @ bdd-spring-1573819712 ---
[INFO] Changes detected - recompiling the module!
[INFO] Compiling 1 source file to /workspace/source/target/classes
[INFO] 
[INFO] --- maven-resources-plugin:3.1.0:testResources (default-testResources) @ bdd-spring-1573819712 ---
[INFO] Using 'UTF-8' encoding to copy filtered resources.
[INFO] skip non existing resourceDirectory /workspace/source/src/test/resources
[INFO] 
[INFO] --- maven-compiler-plugin:3.8.1:testCompile (default-testCompile) @ bdd-spring-1573819712 ---
[INFO] Changes detected - recompiling the module!
[INFO] Compiling 1 source file to /workspace/source/target/test-classes
[INFO] 
[INFO] --- maven-surefire-plugin:3.0.0-M1:test (default-test) @ bdd-spring-1573819712 ---
[INFO] 
[INFO] -------------------------------------------------------
[INFO]  T E S T S
[INFO] -------------------------------------------------------
[INFO] Running com.example.bddspring1573819712.DemoApplicationTests
12:26:13.754 [main] DEBUG org.springframework.test.context.BootstrapUtils - Instantiating CacheAwareContextLoaderDelegate from class [org.springframework.test.context.cache.DefaultCacheAwareContextLoaderDelegate]
12:26:13.791 [main] DEBUG org.springframework.test.context.BootstrapUtils - Instantiating BootstrapContext using constructor [public org.springframework.test.context.support.DefaultBootstrapContext(java.lang.Class,org.springframework.test.context.CacheAwareContextLoaderDelegate)]
12:26:13.900 [main] DEBUG org.springframework.test.context.BootstrapUtils - Instantiating TestContextBootstrapper for test class [com.example.bddspring1573819712.DemoApplicationTests] from class [org.springframework.boot.test.context.SpringBootTestContextBootstrapper]
12:26:13.974 [main] INFO org.springframework.boot.test.context.SpringBootTestContextBootstrapper - Neither @ContextConfiguration nor @ContextHierarchy found for test class [com.example.bddspring1573819712.DemoApplicationTests], using SpringBootContextLoader
12:26:13.983 [main] DEBUG org.springframework.test.context.support.AbstractContextLoader - Did not detect default resource location for test class [com.example.bddspring1573819712.DemoApplicationTests]: class path resource [com/example/bddspring1573819712/DemoApplicationTests-context.xml] does not exist
12:26:13.983 [main] DEBUG org.springframework.test.context.support.AbstractContextLoader - Did not detect default resource location for test class [com.example.bddspring1573819712.DemoApplicationTests]: class path resource [com/example/bddspring1573819712/DemoApplicationTestsContext.groovy] does not exist
12:26:13.984 [main] INFO org.springframework.test.context.support.AbstractContextLoader - Could not detect default resource locations for test class [com.example.bddspring1573819712.DemoApplicationTests]: no resource found for suffixes {-context.xml, Context.groovy}.
12:26:13.988 [main] INFO org.springframework.test.context.support.AnnotationConfigContextLoaderUtils - Could not detect default configuration classes for test class [com.example.bddspring1573819712.DemoApplicationTests]: DemoApplicationTests does not declare any static, non-private, non-final, nested classes annotated with @Configuration.
12:26:14.102 [main] DEBUG org.springframework.test.context.support.ActiveProfilesUtils - Could not find an 'annotation declaring class' for annotation type [org.springframework.test.context.ActiveProfiles] and class [com.example.bddspring1573819712.DemoApplicationTests]
12:26:14.285 [main] DEBUG org.springframework.context.annotation.ClassPathScanningCandidateComponentProvider - Identified candidate component class: file [/workspace/source/target/classes/com/example/bddspring1573819712/DemoApplication.class]
12:26:14.286 [main] INFO org.springframework.boot.test.context.SpringBootTestContextBootstrapper - Found @SpringBootConfiguration com.example.bddspring1573819712.DemoApplication for test class com.example.bddspring1573819712.DemoApplicationTests
12:26:14.501 [main] DEBUG org.springframework.boot.test.context.SpringBootTestContextBootstrapper - @TestExecutionListeners is not present for class [com.example.bddspring1573819712.DemoApplicationTests]: using defaults.
12:26:14.508 [main] INFO org.springframework.boot.test.context.SpringBootTestContextBootstrapper - Loaded default TestExecutionListener class names from location [META-INF/spring.factories]: [org.springframework.boot.test.mock.mockito.MockitoTestExecutionListener, org.springframework.boot.test.mock.mockito.ResetMocksTestExecutionListener, org.springframework.boot.test.autoconfigure.restdocs.RestDocsTestExecutionListener, org.springframework.boot.test.autoconfigure.web.client.MockRestServiceServerResetTestExecutionListener, org.springframework.boot.test.autoconfigure.web.servlet.MockMvcPrintOnlyOnFailureTestExecutionListener, org.springframework.boot.test.autoconfigure.web.servlet.WebDriverTestExecutionListener, org.springframework.test.context.web.ServletTestExecutionListener, org.springframework.test.context.support.DirtiesContextBeforeModesTestExecutionListener, org.springframework.test.context.support.DependencyInjectionTestExecutionListener, org.springframework.test.context.support.DirtiesContextTestExecutionListener, org.springframework.test.context.transaction.TransactionalTestExecutionListener, org.springframework.test.context.jdbc.SqlScriptsTestExecutionListener, org.springframework.test.context.event.EventPublishingTestExecutionListener]
12:26:14.578 [main] DEBUG org.springframework.boot.test.context.SpringBootTestContextBootstrapper - Skipping candidate TestExecutionListener [org.springframework.test.context.transaction.TransactionalTestExecutionListener] due to a missing dependency. Specify custom listener classes or make the default listener classes and their required dependencies available. Offending class: [org/springframework/transaction/TransactionDefinition]
12:26:14.585 [main] DEBUG org.springframework.boot.test.context.SpringBootTestContextBootstrapper - Skipping candidate TestExecutionListener [org.springframework.test.context.jdbc.SqlScriptsTestExecutionListener] due to a missing dependency. Specify custom listener classes or make the default listener classes and their required dependencies available. Offending class: [org/springframework/transaction/interceptor/TransactionAttribute]
12:26:14.588 [main] INFO org.springframework.boot.test.context.SpringBootTestContextBootstrapper - Using TestExecutionListeners: [org.springframework.test.context.web.ServletTestExecutionListener@4efc180e, org.springframework.test.context.support.DirtiesContextBeforeModesTestExecutionListener@bd4dc25, org.springframework.boot.test.mock.mockito.MockitoTestExecutionListener@25084a1e, org.springframework.boot.test.autoconfigure.SpringBootDependencyInjectionTestExecutionListener@156b88f5, org.springframework.test.context.support.DirtiesContextTestExecutionListener@3bf9ce3e, org.springframework.test.context.event.EventPublishingTestExecutionListener@16610890, org.springframework.boot.test.mock.mockito.ResetMocksTestExecutionListener@71def8f8, org.springframework.boot.test.autoconfigure.restdocs.RestDocsTestExecutionListener@383bfa16, org.springframework.boot.test.autoconfigure.web.client.MockRestServiceServerResetTestExecutionListener@4d465b11, org.springframework.boot.test.autoconfigure.web.servlet.MockMvcPrintOnlyOnFailureTestExecutionListener@53fdffa1, org.springframework.boot.test.autoconfigure.web.servlet.WebDriverTestExecutionListener@5562c41e]
12:26:14.602 [main] DEBUG org.springframework.test.context.support.AbstractDirtiesContextTestExecutionListener - Before test class: context [DefaultTestContext@7205765b testClass = DemoApplicationTests, testInstance = [null], testMethod = [null], testException = [null], mergedContextConfiguration = [WebMergedContextConfiguration@47987356 testClass = DemoApplicationTests, locations = '{}', classes = '{class com.example.bddspring1573819712.DemoApplication}', contextInitializerClasses = '[]', activeProfiles = '{}', propertySourceLocations = '{}', propertySourceProperties = '{org.springframework.boot.test.context.SpringBootTestContextBootstrapper=true}', contextCustomizers = set[org.springframework.boot.test.context.filter.ExcludeFilterContextCustomizer@78aab498, org.springframework.boot.test.json.DuplicateJsonObjectContextCustomizerFactory$DuplicateJsonObjectContextCustomizer@51e5fc98, org.springframework.boot.test.mock.mockito.MockitoContextCustomizer@0, org.springframework.boot.test.web.client.TestRestTemplateContextCustomizer@48aaecc3, org.springframework.boot.test.autoconfigure.properties.PropertyMappingContextCustomizer@0, org.springframework.boot.test.autoconfigure.web.servlet.WebDriverContextCustomizerFactory$Customizer@78b66d36], resourceBasePath = 'src/main/webapp', contextLoader = 'org.springframework.boot.test.context.SpringBootContextLoader', parent = [null]], attributes = map['org.springframework.test.context.web.ServletTestExecutionListener.activateListener' -> true]], class annotated with @DirtiesContext [false] with mode [null].
12:26:14.694 [main] DEBUG org.springframework.test.context.support.TestPropertySourceUtils - Adding inlined properties to environment: {spring.jmx.enabled=false, org.springframework.boot.test.context.SpringBootTestContextBootstrapper=true, server.port=-1}

  .   ____          _            __ _ _
 /\\ / ___'_ __ _ _(_)_ __  __ _ \ \ \ \
( ( )\___ | '_ | '_| | '_ \/ _` | \ \ \ \
 \\/  ___)| |_)| | | | | || (_| |  ) ) ) )
  '  |____| .__|_| |_|_| |_\__, | / / / /
 =========|_|==============|___/=/_/_/_/
 :: Spring Boot ::        (v2.2.1.RELEASE)

2019-11-15 12:26:15.462  INFO 62 --- [           main] c.e.b.DemoApplicationTests               : Starting DemoApplicationTests on cb-kubecd-bdd-spring-1573819712-lvs65-1-from-build-pack-26wj8-p with PID 62 (started by root in /workspace/source)
2019-11-15 12:26:15.468  INFO 62 --- [           main] c.e.b.DemoApplicationTests               : No active profile set, falling back to default profiles: default
2019-11-15 12:26:23.262  INFO 62 --- [           main] o.s.s.concurrent.ThreadPoolTaskExecutor  : Initializing ExecutorService 'applicationTaskExecutor'
2019-11-15 12:26:25.088  INFO 62 --- [           main] o.s.b.a.e.web.EndpointLinksResolver      : Exposing 2 endpoint(s) beneath base path '/actuator'
2019-11-15 12:26:25.397  INFO 62 --- [           main] c.e.b.DemoApplicationTests               : Started DemoApplicationTests in 10.681 seconds (JVM running for 13.603)
[INFO] Tests run: 1, Failures: 0, Errors: 0, Skipped: 0, Time elapsed: 12.667 s - in com.example.bddspring1573819712.DemoApplicationTests
2019-11-15 12:26:26.620  INFO 62 --- [extShutdownHook] o.s.s.concurrent.ThreadPoolTaskExecutor  : Shutting down ExecutorService 'applicationTaskExecutor'
[INFO] 
[INFO] Results:
[INFO] 
[INFO] Tests run: 1, Failures: 0, Errors: 0, Skipped: 0
[INFO] 
[INFO] 
[INFO] --- maven-jar-plugin:3.1.2:jar (default-jar) @ bdd-spring-1573819712 ---
[INFO] Building jar: /workspace/source/target/bdd-spring-1573819712-0.0.0-SNAPSHOT-PR-1-1.jar
[INFO] 
[INFO] --- spring-boot-maven-plugin:2.2.1.RELEASE:repackage (repackage) @ bdd-spring-1573819712 ---
[INFO] Replacing main artifact with repackaged archive
[INFO] 
[INFO] --- maven-install-plugin:2.5.2:install (default-install) @ bdd-spring-1573819712 ---
[INFO] Installing /workspace/source/target/bdd-spring-1573819712-0.0.0-SNAPSHOT-PR-1-1.jar to /home/jenkins/.mvnrepository/com/example/bdd-spring-1573819712/0.0.0-SNAPSHOT-PR-1-1/bdd-spring-1573819712-0.0.0-SNAPSHOT-PR-1-1.jar
[INFO] Installing /workspace/source/pom.xml to /home/jenkins/.mvnrepository/com/example/bdd-spring-1573819712/0.0.0-SNAPSHOT-PR-1-1/bdd-spring-1573819712-0.0.0-SNAPSHOT-PR-1-1.pom
[INFO] ------------------------------------------------------------------------
[INFO] BUILD SUCCESS
[INFO] ------------------------------------------------------------------------
[INFO] Total time:  36.578 s
[INFO] Finished at: 2019-11-15T12:26:31Z
[INFO] ------------------------------------------------------------------------

Showing logs for build [32mcb-kubecd-bdd-spring-1573819712-lvs65-1[0m stage [32mfrom-build-pack[0m and container [32mstep-build-skaffold-version[0m
v1.0.0

Showing logs for build [32mcb-kubecd-bdd-spring-1573819712-lvs65-1[0m stage [32mfrom-build-pack[0m and container [32mstep-build-container-build[0m
[36mINFO[0m[0000] Downloading base image openjdk:8-jdk-slim    
ERROR: logging before flag.Parse: E1115 12:26:33.105683       9 metadata.go:142] while reading 'google-dockercfg' metadata: http status code: 404 while fetching url http://metadata.google.internal./computeMetadata/v1/instance/attributes/google-dockercfg
ERROR: logging before flag.Parse: E1115 12:26:33.109526       9 metadata.go:159] while reading 'google-dockercfg-url' metadata: http status code: 404 while fetching url http://metadata.google.internal./computeMetadata/v1/instance/attributes/google-dockercfg-url
2019/11/15 12:26:33 No matching credentials were found, falling back on anonymous
[36mINFO[0m[0001] Error while retrieving image from cache: getting file info: stat /workspace/sha256:2f75fd4d652d8a4730b0e4ebbc9609e019283536e63aab95d30fb7c7f8d444fb: no such file or directory 
[36mINFO[0m[0001] Downloading base image openjdk:8-jdk-slim    
2019/11/15 12:26:34 No matching credentials were found, falling back on anonymous
[36mINFO[0m[0001] cmd: EXPOSE                                  
[36mINFO[0m[0001] Adding exposed port: 8080/tcp                
[36mINFO[0m[0001] Using files from context: [/workspace/source/pom.xml] 
[36mINFO[0m[0001] Using files from context: [/workspace/source/target/bdd-spring-1573819712-0.0.0-SNAPSHOT-PR-1-1.jar] 
[36mINFO[0m[0002] Skipping unpacking as no commands require it. 
[36mINFO[0m[0002] Taking snapshot of full filesystem...        
[36mINFO[0m[0002] ENV PORT 8080                                
[36mINFO[0m[0002] No files changed in this command, skipping snapshotting. 
[36mINFO[0m[0002] ENV CLASSPATH /opt/lib                       
[36mINFO[0m[0002] No files changed in this command, skipping snapshotting. 
[36mINFO[0m[0002] EXPOSE 8080                                  
[36mINFO[0m[0002] cmd: EXPOSE                                  
[36mINFO[0m[0002] Adding exposed port: 8080/tcp                
[36mINFO[0m[0002] No files changed in this command, skipping snapshotting. 
[36mINFO[0m[0002] Using files from context: [/workspace/source/pom.xml] 
[36mINFO[0m[0002] COPY pom.xml target/lib* /opt/lib/           
[36mINFO[0m[0002] Taking snapshot of files...                  
[36mINFO[0m[0002] Using files from context: [/workspace/source/target/bdd-spring-1573819712-0.0.0-SNAPSHOT-PR-1-1.jar] 
[36mINFO[0m[0002] COPY target/*.jar /opt/app.jar               
[36mINFO[0m[0002] Taking snapshot of files...                  
[36mINFO[0m[0002] WORKDIR /opt                                 
[36mINFO[0m[0002] cmd: workdir                                 
[36mINFO[0m[0002] Changed working directory to /opt            
[36mINFO[0m[0002] No files changed in this command, skipping snapshotting. 
[36mINFO[0m[0002] CMD ["java", "-XX:+UnlockExperimentalVMOptions", "-XX:+UseCGroupMemoryLimitForHeap", "-jar", "app.jar"] 
[36mINFO[0m[0002] No files changed in this command, skipping snapshotting. 
2019/11/15 12:26:36 existing blob: sha256:740864fcc29dcd68c386fc2893b1fe5bf974e361523cb7cd32dd706fcfa93d82
2019/11/15 12:26:36 existing blob: sha256:02c32ad92c0d8181bc1743181730c576205286effbb08239f8f613acda6d4889
2019/11/15 12:26:36 existing blob: sha256:8d691f585fa8cec0eba196be460cfaffd69939782d6162986c3e0c5225d54f02
2019/11/15 12:26:36 existing blob: sha256:3da6fe7ff2ef0f58119eb2e8cb12c5c0b471527be95d43274b396f36fc5bbccd
2019/11/15 12:26:39 pushed blob: sha256:786ad49aab0dcb757bbc102e1fa7fa0027d262ba0fb2cfd87638f6123b1ec21f
2019/11/15 12:26:39 pushed blob: sha256:fc40ede45d2799a5648406c6fc2e8c8de3842f8e595d0effb7d8ac01066389d3
2019/11/15 12:26:41 pushed blob: sha256:3c07211228857f353a61eae80547d18d491ee5344cb489d3125eeb9cdfa54dc9
2019/11/15 12:26:42 gcr.io/jenkins-x-bdd3/bdd-spring-1573819712:0.0.0-SNAPSHOT-PR-1-1: digest: sha256:5a20b5bf18019bc84a44ea40ed7073cc7436e2f95e139b4be0a37abcdd3e36da size: 1244

Showing logs for build [32mcb-kubecd-bdd-spring-1573819712-lvs65-1[0m stage [32mfrom-build-pack[0m and container [32mstep-postbuild-post-build[0m
no CVE provider running in the current ** namespace so skip adding image to be analysed

Showing logs for build [32mcb-kubecd-bdd-spring-1573819712-lvs65-1[0m stage [32mfrom-build-pack[0m and container [32mstep-promote-make-preview[0m
sed -i -e "s/version:.*/version: 0.0.0-SNAPSHOT-PR-1-1/" Chart.yaml
sed -i -e "s/version:.*/version: 0.0.0-SNAPSHOT-PR-1-1/" ../*/Chart.yaml
sed -i -e "s|repository:.*|repository: gcr.io\/jenkins-x-bdd3\/bdd-spring-1573819712|" values.yaml
sed -i -e "s/tag:.*/tag: 0.0.0-SNAPSHOT-PR-1-1/" values.yaml
echo "  version: 0.0.0-SNAPSHOT-PR-1-1" >> requirements.yaml
** step helm build
WARNING: No $CHART_REPOSITORY defined so using the default value of: http://jenkins-x-chartmuseum:8080
Adding missing Helm repo: storage.googleapis.com https://storage.googleapis.com/chartmuseum.jenkins-x.io
Read credentials for https://storage.googleapis.com/chartmuseum.jenkins-x.io from vault helm/repos
Successfully added Helm repository storage.googleapis.com.
Adding missing Helm repo: jenkins-x-chartmuseum http://jenkins-x-chartmuseum:8080
Read credentials for http://jenkins-x-chartmuseum:8080 from vault helm/repos
Successfully added Helm repository jenkins-x-chartmuseum.
WARNING: No $CHART_REPOSITORY defined so using the default value of: http://jenkins-x-chartmuseum:8080
Adding missing Helm repo: chartmuseum.jenkins-x.io http://chartmuseum.jenkins-x.io
Read credentials for http://chartmuseum.jenkins-x.io from vault helm/repos
Successfully added Helm repository chartmuseum.jenkins-x.io.

Showing logs for build [32mcb-kubecd-bdd-spring-1573819712-lvs65-1[0m stage [32mfrom-build-pack[0m and container [32mstep-promote-jx-preview[0m
Creating a preview
Created environment cb-kubecd-bdd-spring-1573819712-pr-1
Namespace **-cb-kubecd-bdd-spring-1573819712-pr-1 created 
expose:
  Annotations:
    helm.sh/hook: post-install,post-upgrade
    helm.sh/hook-delete-policy: hook-succeeded
  config:
    domain: c**d11.bdd.jenkins-x.rocks
    exposer: Ingress
    http: "true"
preview:
  image:
    repository: gcr.io/jenkins-x-bdd3/bdd-spring-1573819712
    tag: 0.0.0-SNAPSHOT-PR-1-1


Updating PipelineActivities cb-kubecd-bdd-spring-1573819712-pr-1-1 which has status Running
WARNING: preview application http://bdd-spring-1573819712.**-cb-kubecd-bdd-spring-1573819712-pr-1.c**d11.bdd.jenkins-x.rocks not available, error was Get http://bdd-spring-1573819712.**-cb-kubecd-bdd-spring-1573819712-pr-1.c**d11.bdd.jenkins-x.rocks: dial tcp: lookup bdd-spring-1573819712.**-cb-kubecd-bdd-spring-1573819712-pr-1.c**d11.bdd.jenkins-x.rocks on 10.51.240.10:53: no such host, delaying for: 1.050146921s
WARNING: preview application http://bdd-spring-1573819712.**-cb-kubecd-bdd-spring-1573819712-pr-1.c**d11.bdd.jenkins-x.rocks not available, error was Get http://bdd-spring-1573819712.**-cb-kubecd-bdd-spring-1573819712-pr-1.c**d11.bdd.jenkins-x.rocks: dial tcp: lookup bdd-spring-1573819712.**-cb-kubecd-bdd-spring-1573819712-pr-1.c**d11.bdd.jenkins-x.rocks on 10.51.240.10:53: no such host, delaying for: 2.123731972s
WARNING: preview application http://bdd-spring-1573819712.**-cb-kubecd-bdd-spring-1573819712-pr-1.c**d11.bdd.jenkins-x.rocks not available, error was Get http://bdd-spring-1573819712.**-cb-kubecd-bdd-spring-1573819712-pr-1.c**d11.bdd.jenkins-x.rocks: dial tcp: lookup bdd-spring-1573819712.**-cb-kubecd-bdd-spring-1573819712-pr-1.c**d11.bdd.jenkins-x.rocks on 10.51.240.10:53: no such host, delaying for: 2.458403445s
WARNING: preview application http://bdd-spring-1573819712.**-cb-kubecd-bdd-spring-1573819712-pr-1.c**d11.bdd.jenkins-x.rocks not available, error was Get http://bdd-spring-1573819712.**-cb-kubecd-bdd-spring-1573819712-pr-1.c**d11.bdd.jenkins-x.rocks: dial tcp: lookup bdd-spring-1573819712.**-cb-kubecd-bdd-spring-1573819712-pr-1.c**d11.bdd.jenkins-x.rocks on 10.51.240.10:53: no such host, delaying for: 3.806441792s
WARNING: preview application http://bdd-spring-1573819712.**-cb-kubecd-bdd-spring-1573819712-pr-1.c**d11.bdd.jenkins-x.rocks not available, error was Get http://bdd-spring-1573819712.**-cb-kubecd-bdd-spring-1573819712-pr-1.c**d11.bdd.jenkins-x.rocks: dial tcp: lookup bdd-spring-1573819712.**-cb-kubecd-bdd-spring-1573819712-pr-1.c**d11.bdd.jenkins-x.rocks on 10.51.240.10:53: no such host, delaying for: 6.567118239s
WARNING: preview application http://bdd-spring-1573819712.**-cb-kubecd-bdd-spring-1573819712-pr-1.c**d11.bdd.jenkins-x.rocks not available, error was Get http://bdd-spring-1573819712.**-cb-kubecd-bdd-spring-1573819712-pr-1.c**d11.bdd.jenkins-x.rocks: dial tcp: lookup bdd-spring-1573819712.**-cb-kubecd-bdd-spring-1573819712-pr-1.c**d11.bdd.jenkins-x.rocks on 10.51.240.10:53: no such host, delaying for: 6.190486398s
WARNING: preview application http://bdd-spring-1573819712.**-cb-kubecd-bdd-spring-1573819712-pr-1.c**d11.bdd.jenkins-x.rocks not available, error was Get http://bdd-spring-1573819712.**-cb-kubecd-bdd-spring-1573819712-pr-1.c**d11.bdd.jenkins-x.rocks: dial tcp: lookup bdd-spring-1573819712.**-cb-kubecd-bdd-spring-1573819712-pr-1.c**d11.bdd.jenkins-x.rocks on 10.51.240.10:53: no such host, delaying for: 5.84140762s
WARNING: preview application http://bdd-spring-1573819712.**-cb-kubecd-bdd-spring-1573819712-pr-1.c**d11.bdd.jenkins-x.rocks not available, error was Get http://bdd-spring-1573819712.**-cb-kubecd-bdd-spring-1573819712-pr-1.c**d11.bdd.jenkins-x.rocks: dial tcp: lookup bdd-spring-1573819712.**-cb-kubecd-bdd-spring-1573819712-pr-1.c**d11.bdd.jenkins-x.rocks on 10.51.240.10:53: no such host, delaying for: 14.204706135s
WARNING: preview application http://bdd-spring-1573819712.**-cb-kubecd-bdd-spring-1573819712-pr-1.c**d11.bdd.jenkins-x.rocks not available, error was Get http://bdd-spring-1573819712.**-cb-kubecd-bdd-spring-1573819712-pr-1.c**d11.bdd.jenkins-x.rocks: dial tcp: lookup bdd-spring-1573819712.**-cb-kubecd-bdd-spring-1573819712-pr-1.c**d11.bdd.jenkins-x.rocks on 10.51.240.10:53: no such host, delaying for: 37.773980375s
WARNING: preview application http://bdd-spring-1573819712.**-cb-kubecd-bdd-spring-1573819712-pr-1.c**d11.bdd.jenkins-x.rocks not available, error was Get http://bdd-spring-1573819712.**-cb-kubecd-bdd-spring-1573819712-pr-1.c**d11.bdd.jenkins-x.rocks: dial tcp: lookup bdd-spring-1573819712.**-cb-kubecd-bdd-spring-1573819712-pr-1.c**d11.bdd.jenkins-x.rocks on 10.51.240.10:53: no such host, delaying for: 55.738381144s
WARNING: preview application http://bdd-spring-1573819712.**-cb-kubecd-bdd-spring-1573819712-pr-1.c**d11.bdd.jenkins-x.rocks not available, error was Get http://bdd-spring-1573819712.**-cb-kubecd-bdd-spring-1573819712-pr-1.c**d11.bdd.jenkins-x.rocks: dial tcp: lookup bdd-spring-1573819712.**-cb-kubecd-bdd-spring-1573819712-pr-1.c**d11.bdd.jenkins-x.rocks on 10.51.240.10:53: no such host, delaying for: 1m4.921413071s
WARNING: preview application http://bdd-spring-1573819712.**-cb-kubecd-bdd-spring-1573819712-pr-1.c**d11.bdd.jenkins-x.rocks not available, error was Get http://bdd-spring-1573819712.**-cb-kubecd-bdd-spring-1573819712-pr-1.c**d11.bdd.jenkins-x.rocks: dial tcp: lookup bdd-spring-1573819712.**-cb-kubecd-bdd-spring-1573819712-pr-1.c**d11.bdd.jenkins-x.rocks on 10.51.240.10:53: no such host, delaying for: 1m15.104434734s
WARNING: preview application http://bdd-spring-1573819712.**-cb-kubecd-bdd-spring-1573819712-pr-1.c**d11.bdd.jenkins-x.rocks not available, error was Get http://bdd-spring-1573819712.**-cb-kubecd-bdd-spring-1573819712-pr-1.c**d11.bdd.jenkins-x.rocks: dial tcp: lookup bdd-spring-1573819712.**-cb-kubecd-bdd-spring-1573819712-pr-1.c**d11.bdd.jenkins-x.rocks on 10.51.240.10:53: no such host, delaying for: 48.630616573s
Preview application is now available at: http://bdd-spring-1573819712.**-cb-kubecd-bdd-spring-1573819712-pr-1.c**d11.bdd.jenkins-x.rocks
